0 info it worked if it ends with ok
1 verbose cli [ 'C:\\Program Files\\nodejs\\\\node.exe',
1 verbose cli   'C:\\Program Files\\nodejs\\node_modules\\npm\\bin\\npm-cli.js',
1 verbose cli   'install',
1 verbose cli   'perfect-scrollbar/jquery' ]
2 info using npm@2.11.3
3 info using node@v0.12.7
4 verbose install initial load of C:\xampp\laravel_master\package.json
5 verbose readDependencies loading dependencies from C:\xampp\laravel_master\package.json
6 silly cache add args [ 'perfect-scrollbar/jquery', null ]
7 verbose cache add spec perfect-scrollbar/jquery
8 silly cache add parsed spec { raw: 'perfect-scrollbar/jquery',
8 silly cache add   scope: null,
8 silly cache add   name: null,
8 silly cache add   rawSpec: 'perfect-scrollbar/jquery',
8 silly cache add   spec: 'github:perfect-scrollbar/jquery',
8 silly cache add   type: 'hosted',
8 silly cache add   hosted:
8 silly cache add    { type: 'github',
8 silly cache add      ssh: 'git@github.com:perfect-scrollbar/jquery.git',
8 silly cache add      sshUrl: 'git+ssh://git@github.com/perfect-scrollbar/jquery.git',
8 silly cache add      httpsUrl: 'git+https://github.com/perfect-scrollbar/jquery.git',
8 silly cache add      gitUrl: 'git://github.com/perfect-scrollbar/jquery.git',
8 silly cache add      shortcut: 'github:perfect-scrollbar/jquery',
8 silly cache add      directUrl: 'https://raw.githubusercontent.com/perfect-scrollbar/jquery/master/package.json' } }
9 verbose addRemoteGit caching perfect-scrollbar/jquery
10 verbose addRemoteGit perfect-scrollbar/jquery is a repository hosted by github
11 silly tryGitProto attempting to clone git://github.com/perfect-scrollbar/jquery.git
12 silly tryClone cloning perfect-scrollbar/jquery via git://github.com/perfect-scrollbar/jquery.git
13 verbose tryClone git-github-com-perfect-scrollbar-jquery-git-4a6027cd not in flight; caching
14 info git [ 'clone',
14 info git   '--template=C:\\Users\\MK\\AppData\\Roaming\\npm-cache\\_git-remotes\\_templates',
14 info git   '--mirror',
14 info git   'git://github.com/perfect-scrollbar/jquery.git',
14 info git   'C:\\Users\\MK\\AppData\\Roaming\\npm-cache\\_git-remotes\\git-github-com-perfect-scrollbar-jquery-git-4a6027cd' ]
15 verbose git clone --template=C:\Users\MK\AppData\Roaming\npm-cache\_git-remotes\_templates --mirror git://github.com/perfect-scrollbar/jquery.git C:\Users\MK\AppData\Roaming\npm-cache\_git-remotes\git-github-com-perfect-scrollbar-jquery-git-4a6027cd: Cloning into bare repository 'C:\Users\MK\AppData\Roaming\npm-cache\_git-remotes\git-github-com-perfect-scrollbar-jquery-git-4a6027cd'...
15 verbose git clone --template=C:\Users\MK\AppData\Roaming\npm-cache\_git-remotes\_templates --mirror git://github.com/perfect-scrollbar/jquery.git C:\Users\MK\AppData\Roaming\npm-cache\_git-remotes\git-github-com-perfect-scrollbar-jquery-git-4a6027cd: fatal: remote error:
15 verbose git clone --template=C:\Users\MK\AppData\Roaming\npm-cache\_git-remotes\_templates --mirror git://github.com/perfect-scrollbar/jquery.git C:\Users\MK\AppData\Roaming\npm-cache\_git-remotes\git-github-com-perfect-scrollbar-jquery-git-4a6027cd:   Repository not found.
16 silly tryHTTPS attempting to clone git+https://github.com/perfect-scrollbar/jquery.git
17 silly tryClone cloning perfect-scrollbar/jquery via git+https://github.com/perfect-scrollbar/jquery.git
18 verbose tryClone https-github-com-perfect-scrollbar-jquery-git-9472be42 not in flight; caching
19 info git [ 'clone',
19 info git   '--template=C:\\Users\\MK\\AppData\\Roaming\\npm-cache\\_git-remotes\\_templates',
19 info git   '--mirror',
19 info git   'https://github.com/perfect-scrollbar/jquery.git',
19 info git   'C:\\Users\\MK\\AppData\\Roaming\\npm-cache\\_git-remotes\\https-github-com-perfect-scrollbar-jquery-git-9472be42' ]
20 verbose git clone --template=C:\Users\MK\AppData\Roaming\npm-cache\_git-remotes\_templates --mirror https://github.com/perfect-scrollbar/jquery.git C:\Users\MK\AppData\Roaming\npm-cache\_git-remotes\https-github-com-perfect-scrollbar-jquery-git-9472be42: Cloning into bare repository 'C:\Users\MK\AppData\Roaming\npm-cache\_git-remotes\https-github-com-perfect-scrollbar-jquery-git-9472be42'...
20 verbose git clone --template=C:\Users\MK\AppData\Roaming\npm-cache\_git-remotes\_templates --mirror https://github.com/perfect-scrollbar/jquery.git C:\Users\MK\AppData\Roaming\npm-cache\_git-remotes\https-github-com-perfect-scrollbar-jquery-git-9472be42: remote: Invalid username or password.
20 verbose git clone --template=C:\Users\MK\AppData\Roaming\npm-cache\_git-remotes\_templates --mirror https://github.com/perfect-scrollbar/jquery.git C:\Users\MK\AppData\Roaming\npm-cache\_git-remotes\https-github-com-perfect-scrollbar-jquery-git-9472be42: fatal: Authentication failed for 'https://github.com/perfect-scrollbar/jquery.git/'
21 silly trySSH attempting to clone git@github.com:perfect-scrollbar/jquery.git
22 silly tryClone cloning perfect-scrollbar/jquery via git@github.com:perfect-scrollbar/jquery.git
23 verbose tryClone git-github-com-perfect-scrollbar-jquery-git-7a5b897f not in flight; caching
24 info git [ 'clone',
24 info git   '--template=C:\\Users\\MK\\AppData\\Roaming\\npm-cache\\_git-remotes\\_templates',
24 info git   '--mirror',
24 info git   'git@github.com:perfect-scrollbar/jquery.git',
24 info git   'C:\\Users\\MK\\AppData\\Roaming\\npm-cache\\_git-remotes\\git-github-com-perfect-scrollbar-jquery-git-7a5b897f' ]
25 error git clone --template=C:\Users\MK\AppData\Roaming\npm-cache\_git-remotes\_templates --mirror git@github.com:perfect-scrollbar/jquery.git C:\Users\MK\AppData\Roaming\npm-cache\_git-remotes\git-github-com-perfect-scrollbar-jquery-git-7a5b897f: Cloning into bare repository 'C:\Users\MK\AppData\Roaming\npm-cache\_git-remotes\git-github-com-perfect-scrollbar-jquery-git-7a5b897f'...
25 error git clone --template=C:\Users\MK\AppData\Roaming\npm-cache\_git-remotes\_templates --mirror git@github.com:perfect-scrollbar/jquery.git C:\Users\MK\AppData\Roaming\npm-cache\_git-remotes\git-github-com-perfect-scrollbar-jquery-git-7a5b897f: Host key verification failed.
25 error git clone --template=C:\Users\MK\AppData\Roaming\npm-cache\_git-remotes\_templates --mirror git@github.com:perfect-scrollbar/jquery.git C:\Users\MK\AppData\Roaming\npm-cache\_git-remotes\git-github-com-perfect-scrollbar-jquery-git-7a5b897f: fatal: Could not read from remote repository.
25 error git clone --template=C:\Users\MK\AppData\Roaming\npm-cache\_git-remotes\_templates --mirror git@github.com:perfect-scrollbar/jquery.git C:\Users\MK\AppData\Roaming\npm-cache\_git-remotes\git-github-com-perfect-scrollbar-jquery-git-7a5b897f:
25 error git clone --template=C:\Users\MK\AppData\Roaming\npm-cache\_git-remotes\_templates --mirror git@github.com:perfect-scrollbar/jquery.git C:\Users\MK\AppData\Roaming\npm-cache\_git-remotes\git-github-com-perfect-scrollbar-jquery-git-7a5b897f: Please make sure you have the correct access rights
25 error git clone --template=C:\Users\MK\AppData\Roaming\npm-cache\_git-remotes\_templates --mirror git@github.com:perfect-scrollbar/jquery.git C:\Users\MK\AppData\Roaming\npm-cache\_git-remotes\git-github-com-perfect-scrollbar-jquery-git-7a5b897f: and the repository exists.
26 verbose stack Error: Command failed: git -c core.longpaths=true clone --template=C:\Users\MK\AppData\Roaming\npm-cache\_git-remotes\_templates --mirror git@github.com:perfect-scrollbar/jquery.git C:\Users\MK\AppData\Roaming\npm-cache\_git-remotes\git-github-com-perfect-scrollbar-jquery-git-7a5b897f
26 verbose stack Cloning into bare repository 'C:\Users\MK\AppData\Roaming\npm-cache\_git-remotes\git-github-com-perfect-scrollbar-jquery-git-7a5b897f'...
26 verbose stack Host key verification failed.
26 verbose stack fatal: Could not read from remote repository.
26 verbose stack
26 verbose stack Please make sure you have the correct access rights
26 verbose stack and the repository exists.
26 verbose stack
26 verbose stack     at ChildProcess.exithandler (child_process.js:751:12)
26 verbose stack     at ChildProcess.emit (events.js:110:17)
26 verbose stack     at maybeClose (child_process.js:1015:16)
26 verbose stack     at Process.ChildProcess._handle.onexit (child_process.js:1087:5)
27 verbose cwd C:\xampp\laravel_master
28 error Windows_NT 6.1.7601
29 error argv "C:\\Program Files\\nodejs\\\\node.exe" "C:\\Program Files\\nodejs\\node_modules\\npm\\bin\\npm-cli.js" "install" "perfect-scrollbar/jquery"
30 error node v0.12.7
31 error npm  v2.11.3
32 error code 128
33 error Command failed: git -c core.longpaths=true clone --template=C:\Users\MK\AppData\Roaming\npm-cache\_git-remotes\_templates --mirror git@github.com:perfect-scrollbar/jquery.git C:\Users\MK\AppData\Roaming\npm-cache\_git-remotes\git-github-com-perfect-scrollbar-jquery-git-7a5b897f
33 error Cloning into bare repository 'C:\Users\MK\AppData\Roaming\npm-cache\_git-remotes\git-github-com-perfect-scrollbar-jquery-git-7a5b897f'...
33 error Host key verification failed.
33 error fatal: Could not read from remote repository.
33 error
33 error Please make sure you have the correct access rights
33 error and the repository exists.
34 error If you need help, you may report this error at:
34 error     <https://github.com/npm/npm/issues>
35 verbose exit [ 1, true ]
